<?xml version='1.0'?>
<ns2:test-suite xmlns:ns2='urn:model.allure.qatools.yandex.ru' start='1669621830511' stop='1669621844578'>
    <name>Bootcamp E2E: Search bar</name>
    <title>Bootcamp E2E: Search bar</title>
    <test-cases>
        <test-case start='1669621830512' status='passed' stop='1669621830513'>
            <name></name>
            <title></title>
            <labels>
                <label name='language' value='javascript'/>
                <label name='framework' value='wdio'/>
                <label name='thread' value='0-0'/>
            </labels>
            <parameters>
                <parameter kind='argument' name='browser' value='chrome-107.0.5304.121'/>
            </parameters>
            <steps/>
            <attachments/>
        </test-case>
        <test-case start='1669621830514' status='passed' stop='1669621840185'>
            <name>When Open the home page</name>
            <title>When Open the home page</title>
            <labels>
                <label name='language' value='javascript'/>
                <label name='framework' value='wdio'/>
                <label name='thread' value='0-0'/>
            </labels>
            <parameters>
                <parameter kind='argument' name='browser' value='chrome-107.0.5304.121'/>
            </parameters>
            <steps>
                <step start='1669621830516' status='passed' stop='1669621835183'>
                    <name>POST /session/:sessionId/url</name>
                    <title>POST /session/:sessionId/url</title>
                    <attachments>
                        <attachment title='Request' source='f827cd61-b921-4db2-bd38-9de5704ff39d-attachment.json' type='application/json' size='38'/>
                    </attachments>
                    <steps/>
                </step>
            </steps>
            <attachments/>
        </test-case>
        <test-case start='1669621840185' status='passed' stop='1669621840191'>
            <name>* Close the promo banner if it appears</name>
            <title>* Close the promo banner if it appears</title>
            <labels>
                <label name='language' value='javascript'/>
                <label name='framework' value='wdio'/>
                <label name='thread' value='0-0'/>
            </labels>
            <parameters>
                <parameter kind='argument' name='browser' value='chrome-107.0.5304.121'/>
            </parameters>
            <steps>
                <step start='1669621840187' status='undefined'>
                    <name>POST /session/:sessionId/element</name>
                    <title>POST /session/:sessionId/element</title>
                    <attachments>
                        <attachment title='Request' source='36423668-5bd8-4245-bb04-7d1b4c3f3478-attachment.json' type='application/json' size='110'/>
                    </attachments>
                    <steps/>
                </step>
            </steps>
            <attachments/>
        </test-case>
        <test-case start='1669621840191' status='broken' stop='1669621844576'>
            <name>* Entry the word Windows in the search bar</name>
            <title>* Entry the word Windows in the search bar</title>
            <labels>
                <label name='language' value='javascript'/>
                <label name='framework' value='wdio'/>
                <label name='thread' value='0-0'/>
            </labels>
            <parameters>
                <parameter kind='argument' name='browser' value='chrome-107.0.5304.121'/>
            </parameters>
            <steps>
                <step start='1669621840192' status='passed' stop='1669621840240'>
                    <name>POST /session/:sessionId/element</name>
                    <title>POST /session/:sessionId/element</title>
                    <attachments>
                        <attachment title='Request' source='d28419ce-e865-4928-bff3-3f2dfd639579-attachment.json' type='application/json' size='111'/>
                        <attachment title='Response' source='f5b63132-9613-42d5-a65f-0c14e0eb0dbe-attachment.json' type='application/json' size='1993'/>
                    </attachments>
                    <steps/>
                </step>
                <step start='1669621840248' status='passed' stop='1669621840273'>
                    <name>POST /session/:sessionId/elements</name>
                    <title>POST /session/:sessionId/elements</title>
                    <attachments>
                        <attachment title='Request' source='76194244-730b-4fc8-a7ba-4b587cc05bba-attachment.json' type='application/json' size='110'/>
                        <attachment title='Response' source='f4057e76-f3cc-4903-bb2d-039cdbeace66-attachment.json' type='application/json' size='83'/>
                    </attachments>
                    <steps/>
                </step>
                <step start='1669621840275' status='passed' stop='1669621840299'>
                    <name>POST /session/:sessionId/element/f9f12469-11e6-4825-aca9-aeea8d0d08af/click</name>
                    <title>POST /session/:sessionId/element/f9f12469-11e6-4825-aca9-aeea8d0d08af/click</title>
                    <attachments>
                        <attachment title='Response' source='25009df6-c799-4716-9ff3-1eacd8b5960b-attachment.json' type='application/json' size='2'/>
                    </attachments>
                    <steps/>
                </step>
                <step start='1669621840748' status='passed' stop='1669621841384'>
                    <name>POST /session/:sessionId/elements</name>
                    <title>POST /session/:sessionId/elements</title>
                    <attachments>
                        <attachment title='Request' source='4ccdfbc1-d6eb-447a-99af-35d269996ec9-attachment.json' type='application/json' size='110'/>
                        <attachment title='Response' source='c24ed2b4-ceba-41d2-8efa-dad672ea70f1-attachment.json' type='application/json' size='2'/>
                    </attachments>
                    <steps/>
                </step>
                <step start='1669621841386' status='passed' stop='1669621842463'>
                    <name>POST /session/:sessionId/elements</name>
                    <title>POST /session/:sessionId/elements</title>
                    <attachments>
                        <attachment title='Request' source='a3a335d4-aa7a-480d-85a3-180c72ed960a-attachment.json' type='application/json' size='110'/>
                        <attachment title='Response' source='2eb31bc1-bdf6-42e1-8398-f5592cb9196a-attachment.json' type='application/json' size='2'/>
                    </attachments>
                    <steps/>
                </step>
                <step start='1669621842465' status='passed' stop='1669621843529'>
                    <name>POST /session/:sessionId/elements</name>
                    <title>POST /session/:sessionId/elements</title>
                    <attachments>
                        <attachment title='Request' source='c6f3d6d9-9d8b-4e11-ae18-bd6dd7bf51e7-attachment.json' type='application/json' size='110'/>
                        <attachment title='Response' source='6080295c-b22e-4e75-95cc-2394523fe237-attachment.json' type='application/json' size='2'/>
                    </attachments>
                    <steps/>
                </step>
                <step start='1669621843532' status='broken' stop='1669621844576'>
                    <name>POST /session/:sessionId/elements</name>
                    <title>POST /session/:sessionId/elements</title>
                    <attachments>
                        <attachment title='Request' source='0b503487-9c74-4362-99b8-3a7a35240a1c-attachment.json' type='application/json' size='110'/>
                    </attachments>
                    <steps/>
                </step>
            </steps>
            <attachments/>
            <failure>
                <message>element click intercepted: element click intercepted: Element &lt;button class="ico ico-search">...&lt;/button> is not clickable at point (629, 40). Other element would receive the click: &lt;div class="Website-mask show" aria-label="mask">&lt;/div></message>
                <stack-trace>element click intercepted: element click intercepted: Element &lt;button class="ico ico-search">...&lt;/button> is not clickable at point (629, 40). Other element would receive the click: &lt;div class="Website-mask show" aria-label="mask">&lt;/div>
                  (Session info: chrome=107.0.5304.121)
                    at process.processTicksAndRejections (node:internal/process/task_queues:95:5)</stack-trace>
            </failure>
        </test-case>
        <test-case start='1669621844576' status='broken' stop='1669621844576'>
            <name>Then Check that at least one item appears</name>
            <title>Then Check that at least one item appears</title>
            <labels>
                <label name='language' value='javascript'/>
                <label name='framework' value='wdio'/>
                <label name='thread' value='0-0'/>
            </labels>
            <parameters>
                <parameter kind='argument' name='browser' value='chrome-107.0.5304.121'/>
            </parameters>
            <steps/>
            <attachments/>
            <failure>
                <message>Step "Check that at least one item appears" is not defined. You can ignore this error by setting cucumberOpts.ignoreUndefinedDefinitions as true.</message>
                <stack-trace>Step "Check that at least one item appears" is not defined. You can ignore this error by setting cucumberOpts.ignoreUndefinedDefinitions as true.
                	at Feature(/Users/afilipenka/Desktop/webdriver.io/TA-Bootcamp-E2E/features/bootcamp.feature):1:1
                	at Scenario(Search bar):3:1
                	at Step(Check that at least one item appears):9:1
                </stack-trace>
            </failure>
        </test-case>
        <test-case start='1669621844576' status='passed' stop='1669621844577'>
            <name></name>
            <title></title>
            <labels>
                <label name='language' value='javascript'/>
                <label name='framework' value='wdio'/>
                <label name='thread' value='0-0'/>
            </labels>
            <parameters>
                <parameter kind='argument' name='browser' value='chrome-107.0.5304.121'/>
            </parameters>
            <steps/>
            <attachments/>
        </test-case>
    </test-cases>
</ns2:test-suite>