<?xml version='1.0'?>
<ns2:test-suite xmlns:ns2='urn:model.allure.qatools.yandex.ru' start='1669622531658' stop='1669622547948'>
    <name>Bootcamp E2E: Search bar</name>
    <title>Bootcamp E2E: Search bar</title>
    <test-cases>
        <test-case start='1669622531659' status='passed' stop='1669622531661'>
            <name></name>
            <title></title>
            <labels>
                <label name='language' value='javascript'/>
                <label name='framework' value='wdio'/>
                <label name='thread' value='0-0'/>
            </labels>
            <parameters>
                <parameter kind='argument' name='browser' value='chrome-107.0.5304.121'/>
            </parameters>
            <steps/>
            <attachments/>
        </test-case>
        <test-case start='1669622531661' status='passed' stop='1669622540493'>
            <name>When Open the home page</name>
            <title>When Open the home page</title>
            <labels>
                <label name='language' value='javascript'/>
                <label name='framework' value='wdio'/>
                <label name='thread' value='0-0'/>
            </labels>
            <parameters>
                <parameter kind='argument' name='browser' value='chrome-107.0.5304.121'/>
            </parameters>
            <steps>
                <step start='1669622531663' status='passed' stop='1669622535490'>
                    <name>POST /session/:sessionId/url</name>
                    <title>POST /session/:sessionId/url</title>
                    <attachments>
                        <attachment title='Request' source='7d0c2323-baab-477a-92ab-6dfe2ab23e67-attachment.json' type='application/json' size='38'/>
                    </attachments>
                    <steps/>
                </step>
            </steps>
            <attachments/>
        </test-case>
        <test-case start='1669622540493' status='passed' stop='1669622540510'>
            <name>* Close the promo banner if it appears</name>
            <title>* Close the promo banner if it appears</title>
            <labels>
                <label name='language' value='javascript'/>
                <label name='framework' value='wdio'/>
                <label name='thread' value='0-0'/>
            </labels>
            <parameters>
                <parameter kind='argument' name='browser' value='chrome-107.0.5304.121'/>
            </parameters>
            <steps>
                <step start='1669622540495' status='undefined'>
                    <name>POST /session/:sessionId/element</name>
                    <title>POST /session/:sessionId/element</title>
                    <attachments>
                        <attachment title='Request' source='0a5e9f3c-2d42-4327-8879-53262225cebd-attachment.json' type='application/json' size='111'/>
                    </attachments>
                    <steps/>
                </step>
            </steps>
            <attachments/>
        </test-case>
        <test-case start='1669622540510' status='broken' stop='1669622547947'>
            <name>* Entry the word Windows in the search bar</name>
            <title>* Entry the word Windows in the search bar</title>
            <labels>
                <label name='language' value='javascript'/>
                <label name='framework' value='wdio'/>
                <label name='thread' value='0-0'/>
            </labels>
            <parameters>
                <parameter kind='argument' name='browser' value='chrome-107.0.5304.121'/>
            </parameters>
            <steps>
                <step start='1669622540511' status='passed' stop='1669622540556'>
                    <name>POST /session/:sessionId/element</name>
                    <title>POST /session/:sessionId/element</title>
                    <attachments>
                        <attachment title='Request' source='c1b565b8-4807-4ce0-8893-f695b337d84e-attachment.json' type='application/json' size='111'/>
                        <attachment title='Response' source='0116850c-8111-4076-95d8-81331475b5e9-attachment.json' type='application/json' size='83'/>
                    </attachments>
                    <steps/>
                </step>
                <step start='1669622540563' status='passed' stop='1669622540575'>
                    <name>POST /session/:sessionId/element/3abf2913-998b-494b-899f-d6567b85dc57/click</name>
                    <title>POST /session/:sessionId/element/3abf2913-998b-494b-899f-d6567b85dc57/click</title>
                    <attachments>
                        <attachment title='Response' source='43fb9464-4c6d-468e-b84a-76fc8e49cd2b-attachment.json' type='application/json' size='83'/>
                    </attachments>
                    <steps/>
                </step>
                <step start='1669622540578' status='broken' stop='1669622547946'>
                    <name>POST /session/:sessionId/element/3abf2913-998b-494b-899f-d6567b85dc57/click</name>
                    <title>POST /session/:sessionId/element/3abf2913-998b-494b-899f-d6567b85dc57/click</title>
                    <attachments/>
                    <steps/>
                </step>
            </steps>
            <attachments/>
            <failure>
                <message>element click intercepted: element click intercepted: Element &lt;button class="ico ico-search">...&lt;/button> is not clickable at point (629, 40). Other element would receive the click: &lt;div class="Website-mask show" aria-label="mask">&lt;/div></message>
                <stack-trace>element click intercepted: element click intercepted: Element &lt;button class="ico ico-search">...&lt;/button> is not clickable at point (629, 40). Other element would receive the click: &lt;div class="Website-mask show" aria-label="mask">&lt;/div>
                  (Session info: chrome=107.0.5304.121)
                    at getErrorFromResponseBody (/Users/afilipenka/Desktop/webdriver.io/TA-Bootcamp-E2E/node_modules/webdriver/build/utils.js:198:12)
                    at NodeJSRequest._request (/Users/afilipenka/Desktop/webdriver.io/TA-Bootcamp-E2E/node_modules/webdriver/build/request/index.js:166:60)
                    at process.processTicksAndRejections (node:internal/process/task_queues:95:5)
                    at async Element.wrapCommandFn (/Users/afilipenka/Desktop/webdriver.io/TA-Bootcamp-E2E/node_modules/@wdio/utils/build/shim.js:137:29)
                    at async Element.wrapCommandFn (/Users/afilipenka/Desktop/webdriver.io/TA-Bootcamp-E2E/node_modules/@wdio/utils/build/shim.js:137:29)
                    at async Element.elementErrorHandlerCallbackFn (/Users/afilipenka/Desktop/webdriver.io/TA-Bootcamp-E2E/node_modules/webdriverio/build/middlewares.js:24:32)
                    at async Element.wrapCommandFn (/Users/afilipenka/Desktop/webdriver.io/TA-Bootcamp-E2E/node_modules/@wdio/utils/build/shim.js:137:29)
                    at async Element.wrapCommandFn (/Users/afilipenka/Desktop/webdriver.io/TA-Bootcamp-E2E/node_modules/@wdio/utils/build/shim.js:137:29)
                    at async Element.elementErrorHandlerCallbackFn (/Users/afilipenka/Desktop/webdriver.io/TA-Bootcamp-E2E/node_modules/webdriverio/build/middlewares.js:24:32)
                    at async Element.wrapCommandFn (/Users/afilipenka/Desktop/webdriver.io/TA-Bootcamp-E2E/node_modules/@wdio/utils/build/shim.js:137:29)</stack-trace>
            </failure>
        </test-case>
        <test-case start='1669622547947' status='broken' stop='1669622547947'>
            <name>Then Check that at least one item appears</name>
            <title>Then Check that at least one item appears</title>
            <labels>
                <label name='language' value='javascript'/>
                <label name='framework' value='wdio'/>
                <label name='thread' value='0-0'/>
            </labels>
            <parameters>
                <parameter kind='argument' name='browser' value='chrome-107.0.5304.121'/>
            </parameters>
            <steps/>
            <attachments/>
            <failure>
                <message>Step "Check that at least one item appears" is not defined. You can ignore this error by setting cucumberOpts.ignoreUndefinedDefinitions as true.</message>
                <stack-trace>Step "Check that at least one item appears" is not defined. You can ignore this error by setting cucumberOpts.ignoreUndefinedDefinitions as true.
                	at Feature(/Users/afilipenka/Desktop/webdriver.io/TA-Bootcamp-E2E/features/bootcamp.feature):1:1
                	at Scenario(Search bar):3:1
                	at Step(Check that at least one item appears):9:1
                </stack-trace>
            </failure>
        </test-case>
        <test-case start='1669622547947' status='passed' stop='1669622547948'>
            <name></name>
            <title></title>
            <labels>
                <label name='language' value='javascript'/>
                <label name='framework' value='wdio'/>
                <label name='thread' value='0-0'/>
            </labels>
            <parameters>
                <parameter kind='argument' name='browser' value='chrome-107.0.5304.121'/>
            </parameters>
            <steps/>
            <attachments/>
        </test-case>
    </test-cases>
</ns2:test-suite>