<?xml version='1.0'?>
<ns2:test-suite xmlns:ns2='urn:model.allure.qatools.yandex.ru' start='1669622401779' stop='1669622415813'>
    <name>Bootcamp E2E: Search bar</name>
    <title>Bootcamp E2E: Search bar</title>
    <test-cases>
        <test-case start='1669622401779' status='passed' stop='1669622401781'>
            <name></name>
            <title></title>
            <labels>
                <label name='language' value='javascript'/>
                <label name='framework' value='wdio'/>
                <label name='thread' value='0-0'/>
            </labels>
            <parameters>
                <parameter kind='argument' name='browser' value='chrome-107.0.5304.121'/>
            </parameters>
            <steps/>
            <attachments/>
        </test-case>
        <test-case start='1669622401781' status='passed' stop='1669622411267'>
            <name>When Open the home page</name>
            <title>When Open the home page</title>
            <labels>
                <label name='language' value='javascript'/>
                <label name='framework' value='wdio'/>
                <label name='thread' value='0-0'/>
            </labels>
            <parameters>
                <parameter kind='argument' name='browser' value='chrome-107.0.5304.121'/>
            </parameters>
            <steps>
                <step start='1669622401783' status='passed' stop='1669622406265'>
                    <name>POST /session/:sessionId/url</name>
                    <title>POST /session/:sessionId/url</title>
                    <attachments>
                        <attachment title='Request' source='d7c9cee6-f423-4387-96a0-c10ebc7ed698-attachment.json' type='application/json' size='38'/>
                    </attachments>
                    <steps/>
                </step>
            </steps>
            <attachments/>
        </test-case>
        <test-case start='1669622411267' status='passed' stop='1669622411283'>
            <name>* Close the promo banner if it appears</name>
            <title>* Close the promo banner if it appears</title>
            <labels>
                <label name='language' value='javascript'/>
                <label name='framework' value='wdio'/>
                <label name='thread' value='0-0'/>
            </labels>
            <parameters>
                <parameter kind='argument' name='browser' value='chrome-107.0.5304.121'/>
            </parameters>
            <steps>
                <step start='1669622411269' status='undefined'>
                    <name>POST /session/:sessionId/element</name>
                    <title>POST /session/:sessionId/element</title>
                    <attachments>
                        <attachment title='Request' source='e25c6aa0-9f50-44ac-bc04-5e80b2fc0cff-attachment.json' type='application/json' size='110'/>
                    </attachments>
                    <steps/>
                </step>
            </steps>
            <attachments/>
        </test-case>
        <test-case start='1669622411284' status='broken' stop='1669622415810'>
            <name>* Entry the word Windows in the search bar</name>
            <title>* Entry the word Windows in the search bar</title>
            <labels>
                <label name='language' value='javascript'/>
                <label name='framework' value='wdio'/>
                <label name='thread' value='0-0'/>
            </labels>
            <parameters>
                <parameter kind='argument' name='browser' value='chrome-107.0.5304.121'/>
            </parameters>
            <steps>
                <step start='1669622411284' status='passed' stop='1669622411339'>
                    <name>POST /session/:sessionId/element</name>
                    <title>POST /session/:sessionId/element</title>
                    <attachments>
                        <attachment title='Request' source='70d7ebda-8f16-493f-8f3a-aa9263efb4ec-attachment.json' type='application/json' size='111'/>
                        <attachment title='Response' source='54a1de6f-2b66-4b19-957e-126bb1f85c16-attachment.json' type='application/json' size='1993'/>
                    </attachments>
                    <steps/>
                </step>
                <step start='1669622411351' status='passed' stop='1669622411385'>
                    <name>POST /session/:sessionId/elements</name>
                    <title>POST /session/:sessionId/elements</title>
                    <attachments>
                        <attachment title='Request' source='bb079ebd-21e5-4bf6-a896-ad6b7dd0f2ac-attachment.json' type='application/json' size='110'/>
                        <attachment title='Response' source='536b7e04-c215-42eb-842b-8f0077277680-attachment.json' type='application/json' size='83'/>
                    </attachments>
                    <steps/>
                </step>
                <step start='1669622411388' status='passed' stop='1669622411454'>
                    <name>POST /session/:sessionId/element/262e1028-e3f0-457d-b402-434b1dbe4c41/click</name>
                    <title>POST /session/:sessionId/element/262e1028-e3f0-457d-b402-434b1dbe4c41/click</title>
                    <attachments>
                        <attachment title='Response' source='5802abcd-0353-4ad1-a6da-77669cacfccd-attachment.json' type='application/json' size='2'/>
                    </attachments>
                    <steps/>
                </step>
                <step start='1669622411852' status='passed' stop='1669622412603'>
                    <name>POST /session/:sessionId/elements</name>
                    <title>POST /session/:sessionId/elements</title>
                    <attachments>
                        <attachment title='Request' source='55182ac8-1e62-41cb-a875-8bb269b1b5b8-attachment.json' type='application/json' size='110'/>
                        <attachment title='Response' source='1ec56d49-0f4a-4909-8fdd-cccd2041603f-attachment.json' type='application/json' size='2'/>
                    </attachments>
                    <steps/>
                </step>
                <step start='1669622412605' status='passed' stop='1669622413670'>
                    <name>POST /session/:sessionId/elements</name>
                    <title>POST /session/:sessionId/elements</title>
                    <attachments>
                        <attachment title='Request' source='885503f3-2127-4d0c-bd93-f190b620c664-attachment.json' type='application/json' size='110'/>
                        <attachment title='Response' source='2db8b2c3-61b1-42e1-871e-48b4ac0d10c0-attachment.json' type='application/json' size='2'/>
                    </attachments>
                    <steps/>
                </step>
                <step start='1669622413672' status='passed' stop='1669622414748'>
                    <name>POST /session/:sessionId/elements</name>
                    <title>POST /session/:sessionId/elements</title>
                    <attachments>
                        <attachment title='Request' source='367b5ba3-4cf1-4495-8555-ee2093875475-attachment.json' type='application/json' size='110'/>
                        <attachment title='Response' source='7f075650-94eb-49a8-8479-928c7350b031-attachment.json' type='application/json' size='2'/>
                    </attachments>
                    <steps/>
                </step>
                <step start='1669622414751' status='broken' stop='1669622415810'>
                    <name>POST /session/:sessionId/elements</name>
                    <title>POST /session/:sessionId/elements</title>
                    <attachments>
                        <attachment title='Request' source='a19f210d-8a69-4bfd-bb80-f182023537b6-attachment.json' type='application/json' size='110'/>
                    </attachments>
                    <steps/>
                </step>
            </steps>
            <attachments/>
            <failure>
                <message>element click intercepted: element click intercepted: Element &lt;button class="ico ico-search">...&lt;/button> is not clickable at point (629, 40). Other element would receive the click: &lt;div class="Website-mask show" aria-label="mask">&lt;/div></message>
                <stack-trace>element click intercepted: element click intercepted: Element &lt;button class="ico ico-search">...&lt;/button> is not clickable at point (629, 40). Other element would receive the click: &lt;div class="Website-mask show" aria-label="mask">&lt;/div>
                  (Session info: chrome=107.0.5304.121)
                    at process.processTicksAndRejections (node:internal/process/task_queues:95:5)</stack-trace>
            </failure>
        </test-case>
        <test-case start='1669622415810' status='broken' stop='1669622415811'>
            <name>Then Check that at least one item appears</name>
            <title>Then Check that at least one item appears</title>
            <labels>
                <label name='language' value='javascript'/>
                <label name='framework' value='wdio'/>
                <label name='thread' value='0-0'/>
            </labels>
            <parameters>
                <parameter kind='argument' name='browser' value='chrome-107.0.5304.121'/>
            </parameters>
            <steps/>
            <attachments/>
            <failure>
                <message>Step "Check that at least one item appears" is not defined. You can ignore this error by setting cucumberOpts.ignoreUndefinedDefinitions as true.</message>
                <stack-trace>Step "Check that at least one item appears" is not defined. You can ignore this error by setting cucumberOpts.ignoreUndefinedDefinitions as true.
                	at Feature(/Users/afilipenka/Desktop/webdriver.io/TA-Bootcamp-E2E/features/bootcamp.feature):1:1
                	at Scenario(Search bar):3:1
                	at Step(Check that at least one item appears):9:1
                </stack-trace>
            </failure>
        </test-case>
        <test-case start='1669622415811' status='passed' stop='1669622415812'>
            <name></name>
            <title></title>
            <labels>
                <label name='language' value='javascript'/>
                <label name='framework' value='wdio'/>
                <label name='thread' value='0-0'/>
            </labels>
            <parameters>
                <parameter kind='argument' name='browser' value='chrome-107.0.5304.121'/>
            </parameters>
            <steps/>
            <attachments/>
        </test-case>
    </test-cases>
</ns2:test-suite>