<?xml version='1.0'?>
<ns2:test-suite xmlns:ns2='urn:model.allure.qatools.yandex.ru' start='1669623007134' stop='1669623018262'>
    <name>Bootcamp E2E: Search bar</name>
    <title>Bootcamp E2E: Search bar</title>
    <test-cases>
        <test-case start='1669623007135' status='passed' stop='1669623007137'>
            <name></name>
            <title></title>
            <labels>
                <label name='language' value='javascript'/>
                <label name='framework' value='wdio'/>
                <label name='thread' value='0-0'/>
            </labels>
            <parameters>
                <parameter kind='argument' name='browser' value='chrome-107.0.5304.121'/>
            </parameters>
            <steps/>
            <attachments/>
        </test-case>
        <test-case start='1669623007137' status='passed' stop='1669623016856'>
            <name>When Open the home page</name>
            <title>When Open the home page</title>
            <labels>
                <label name='language' value='javascript'/>
                <label name='framework' value='wdio'/>
                <label name='thread' value='0-0'/>
            </labels>
            <parameters>
                <parameter kind='argument' name='browser' value='chrome-107.0.5304.121'/>
            </parameters>
            <steps>
                <step start='1669623007140' status='passed' stop='1669623011853'>
                    <name>POST /session/:sessionId/url</name>
                    <title>POST /session/:sessionId/url</title>
                    <attachments>
                        <attachment title='Request' source='baebfbb7-1647-4c5c-be5c-7ae9af42ec76-attachment.json' type='application/json' size='38'/>
                    </attachments>
                    <steps/>
                </step>
            </steps>
            <attachments/>
        </test-case>
        <test-case start='1669623016856' status='passed' stop='1669623017189'>
            <name>* Close the promo banner if it appears</name>
            <title>* Close the promo banner if it appears</title>
            <labels>
                <label name='language' value='javascript'/>
                <label name='framework' value='wdio'/>
                <label name='thread' value='0-0'/>
            </labels>
            <parameters>
                <parameter kind='argument' name='browser' value='chrome-107.0.5304.121'/>
            </parameters>
            <steps>
                <step start='1669623016859' status='passed' stop='1669623016927'>
                    <name>POST /session/:sessionId/element</name>
                    <title>POST /session/:sessionId/element</title>
                    <attachments>
                        <attachment title='Request' source='09cb8aab-4321-4710-86cd-29351bf3b4eb-attachment.json' type='application/json' size='81'/>
                        <attachment title='Response' source='bc9c0d2a-2dd6-4d94-b5ec-c4184e244f6a-attachment.json' type='application/json' size='83'/>
                    </attachments>
                    <steps/>
                </step>
                <step start='1669623016937' status='passed' stop='1669623017189'>
                    <name>POST /session/:sessionId/element/b1c33812-26ea-4a00-92e1-c478cf235e7d/click</name>
                    <title>POST /session/:sessionId/element/b1c33812-26ea-4a00-92e1-c478cf235e7d/click</title>
                    <attachments/>
                    <steps/>
                </step>
            </steps>
            <attachments/>
        </test-case>
        <test-case start='1669623017189' status='broken' stop='1669623018259'>
            <name>* Entry the word Windows in the search bar</name>
            <title>* Entry the word Windows in the search bar</title>
            <labels>
                <label name='language' value='javascript'/>
                <label name='framework' value='wdio'/>
                <label name='thread' value='0-0'/>
            </labels>
            <parameters>
                <parameter kind='argument' name='browser' value='chrome-107.0.5304.121'/>
            </parameters>
            <steps>
                <step start='1669623017191' status='passed' stop='1669623017592'>
                    <name>POST /session/:sessionId/element</name>
                    <title>POST /session/:sessionId/element</title>
                    <attachments>
                        <attachment title='Request' source='d55d6bf5-ca2a-41b1-b640-3e1da7bab686-attachment.json' type='application/json' size='111'/>
                        <attachment title='Response' source='065698f2-5054-40e9-9a93-c0caf24a6576-attachment.json' type='application/json' size='83'/>
                    </attachments>
                    <steps/>
                </step>
                <step start='1669623017595' status='passed' stop='1669623017854'>
                    <name>POST /session/:sessionId/element/88ed46d3-581d-483c-bb97-57bb13ee2f31/click</name>
                    <title>POST /session/:sessionId/element/88ed46d3-581d-483c-bb97-57bb13ee2f31/click</title>
                    <attachments/>
                    <steps/>
                </step>
                <step start='1669623017854' status='passed' stop='1669623017961'>
                    <name>POST /session/:sessionId/element</name>
                    <title>POST /session/:sessionId/element</title>
                    <attachments>
                        <attachment title='Request' source='635e78f8-348a-49ba-b5c0-7bed81a0442d-attachment.json' type='application/json' size='110'/>
                        <attachment title='Response' source='fe431c65-dc56-464c-9791-92780dee8339-attachment.json' type='application/json' size='83'/>
                    </attachments>
                    <steps/>
                </step>
                <step start='1669623017964' status='passed' stop='1669623018250'>
                    <name>POST /session/:sessionId/element/a529908e-d190-4bbc-937d-450ca16dc7cc/click</name>
                    <title>POST /session/:sessionId/element/a529908e-d190-4bbc-937d-450ca16dc7cc/click</title>
                    <attachments/>
                    <steps/>
                </step>
                <step start='1669623018253' status='broken' stop='1669623018259'>
                    <name>POST /session/:sessionId/element</name>
                    <title>POST /session/:sessionId/element</title>
                    <attachments>
                        <attachment title='Request' source='11032a89-a649-4cb7-99f0-36946094d423-attachment.json' type='application/json' size='51'/>
                    </attachments>
                    <steps/>
                </step>
            </steps>
            <attachments/>
            <failure>
                <message>ReferenceError: windows is not defined</message>
                <stack-trace>ReferenceError: windows is not defined
                    at World.&lt;anonymous> (/Users/afilipenka/Desktop/webdriver.io/TA-Bootcamp-E2E/features/step-definitions/steps.js:19:33)
                    at process.processTicksAndRejections (node:internal/process/task_queues:95:5)</stack-trace>
            </failure>
        </test-case>
        <test-case start='1669623018259' status='broken' stop='1669623018260'>
            <name>Then Check that at least one item appears</name>
            <title>Then Check that at least one item appears</title>
            <labels>
                <label name='language' value='javascript'/>
                <label name='framework' value='wdio'/>
                <label name='thread' value='0-0'/>
            </labels>
            <parameters>
                <parameter kind='argument' name='browser' value='chrome-107.0.5304.121'/>
            </parameters>
            <steps/>
            <attachments/>
            <failure>
                <message>Step "Check that at least one item appears" is not defined. You can ignore this error by setting cucumberOpts.ignoreUndefinedDefinitions as true.</message>
                <stack-trace>Step "Check that at least one item appears" is not defined. You can ignore this error by setting cucumberOpts.ignoreUndefinedDefinitions as true.
                	at Feature(/Users/afilipenka/Desktop/webdriver.io/TA-Bootcamp-E2E/features/bootcamp.feature):1:1
                	at Scenario(Search bar):3:1
                	at Step(Check that at least one item appears):9:1
                </stack-trace>
            </failure>
        </test-case>
        <test-case start='1669623018260' status='passed' stop='1669623018261'>
            <name></name>
            <title></title>
            <labels>
                <label name='language' value='javascript'/>
                <label name='framework' value='wdio'/>
                <label name='thread' value='0-0'/>
            </labels>
            <parameters>
                <parameter kind='argument' name='browser' value='chrome-107.0.5304.121'/>
            </parameters>
            <steps/>
            <attachments/>
        </test-case>
    </test-cases>
</ns2:test-suite>